# JRE version: Java(TM) SE Runtime Environment (11.0.4+10) (build 11.0.4+10-LTS)
# Java VM: Java HotSpot(TM) 64-Bit Server VM (11.0.4+10-LTS, mixed mode, tiered, compressed oops, g1 gc, windows-amd64)
Heap:
 garbage-first heap   total 65536K, used 38410K [0x00000000c1200000, 0x0000000100000000)
  region size 1024K, 3 young (3072K), 2 survivors (2048K)
 Metaspace       used 35163K, capacity 36724K, committed 37020K, reserved 1081344K
  class space    used 4503K, capacity 5150K, committed 5196K, reserved 1048576K
GC Heap History (10 events):
Event: 11.514 GC heap before
{Heap before GC invocations=5 (full 0):
 garbage-first heap   total 65536K, used 38801K [0x00000000c1200000, 0x0000000100000000)
  region size 1024K, 22 young (22528K), 3 survivors (3072K)
 Metaspace       used 31445K, capacity 32651K, committed 32816K, reserved 1077248K
  class space    used 4109K, capacity 4611K, committed 4736K, reserved 1048576K
}
Event: 11.523 GC heap after
{Heap after GC invocations=6 (full 0):
 garbage-first heap   total 65536K, used 22465K [0x00000000c1200000, 0x0000000100000000)
  region size 1024K, 3 young (3072K), 3 survivors (3072K)
 Metaspace       used 31445K, capacity 32651K, committed 32816K, reserved 1077248K
  class space    used 4109K, capacity 4611K, committed 4736K, reserved 1048576K
}
Event: 12.090 GC heap before
{Heap before GC invocations=6 (full 0):
 garbage-first heap   total 65536K, used 40897K [0x00000000c1200000, 0x0000000100000000)
  region size 1024K, 21 young (21504K), 3 survivors (3072K)
 Metaspace       used 33446K, capacity 34875K, committed 34992K, reserved 1079296K
  class space    used 4398K, capacity 5016K, committed 5120K, reserved 1048576K
}
Event: 12.105 GC heap after
{Heap after GC invocations=7 (full 0):
 garbage-first heap   total 65536K, used 27648K [0x00000000c1200000, 0x0000000100000000)
  region size 1024K, 3 young (3072K), 3 survivors (3072K)
 Metaspace       used 33446K, capacity 34875K, committed 34992K, reserved 1079296K
  class space    used 4398K, capacity 5016K, committed 5120K, reserved 1048576K
}
Event: 12.699 GC heap before
{Heap before GC invocations=7 (full 0):
 garbage-first heap   total 65536K, used 44032K [0x00000000c1200000, 0x0000000100000000)
  region size 1024K, 19 young (19456K), 3 survivors (3072K)
 Metaspace       used 34077K, capacity 35602K, committed 35760K, reserved 1079296K
  class space    used 4449K, capacity 5087K, committed 5120K, reserved 1048576K
}
Event: 12.713 GC heap after
{Heap after GC invocations=8 (full 0):
 garbage-first heap   total 65536K, used 32759K [0x00000000c1200000, 0x0000000100000000)
  region size 1024K, 3 young (3072K), 3 survivors (3072K)
 Metaspace       used 34077K, capacity 35602K, committed 35760K, reserved 1079296K
  class space    used 4449K, capacity 5087K, committed 5120K, reserved 1048576K
}
Event: 12.893 GC heap before
{Heap before GC invocations=8 (full 0):
 garbage-first heap   total 65536K, used 37879K [0x00000000c1200000, 0x0000000100000000)
  region size 1024K, 9 young (9216K), 3 survivors (3072K)
 Metaspace       used 34343K, capacity 35826K, committed 35920K, reserved 1081344K
  class space    used 4466K, capacity 5093K, committed 5120K, reserved 1048576K
}
Event: 12.906 GC heap after
{Heap after GC invocations=9 (full 0):
 garbage-first heap   total 65536K, used 35526K [0x00000000c1200000, 0x0000000100000000)
  region size 1024K, 2 young (2048K), 2 survivors (2048K)
 Metaspace       used 34343K, capacity 35826K, committed 35920K, reserved 1081344K
  class space    used 4466K, capacity 5093K, committed 5120K, reserved 1048576K
}
Event: 24.233 GC heap before
{Heap before GC invocations=10 (full 0):
 garbage-first heap   total 65536K, used 45766K [0x00000000c1200000, 0x0000000100000000)
  region size 1024K, 12 young (12288K), 2 survivors (2048K)
 Metaspace       used 35105K, capacity 36654K, committed 36764K, reserved 1081344K
  class space    used 4500K, capacity 5148K, committed 5196K, reserved 1048576K
}
Event: 24.243 GC heap after
{Heap after GC invocations=11 (full 0):
 garbage-first heap   total 65536K, used 38410K [0x00000000c1200000, 0x0000000100000000)
  region size 1024K, 2 young (2048K), 2 survivors (2048K)
 Metaspace       used 35105K, capacity 36654K, committed 36764K, reserved 1081344K
  class space    used 4500K, capacity 5148K, committed 5196K, reserved 1048576K
}

