# JRE version: Java(TM) SE Runtime Environment (11.0.4+10) (build 11.0.4+10-LTS)
# Java VM: Java HotSpot(TM) 64-Bit Server VM (11.0.4+10-LTS, mixed mode, tiered, compressed oops, g1 gc, windows-amd64)
Heap:
 garbage-first heap   total 65536K, used 43008K [0x00000000c1200000, 0x0000000100000000)
  region size 1024K, 7 young (7168K), 2 survivors (2048K)
 Metaspace       used 35317K, capacity 36854K, committed 37072K, reserved 1081344K
  class space    used 4505K, capacity 5151K, committed 5248K, reserved 1048576K
GC Heap History (10 events):
Event: 11.910 GC heap before
{Heap before GC invocations=5 (full 0):
 garbage-first heap   total 65536K, used 39575K [0x00000000c1200000, 0x0000000100000000)
  region size 1024K, 22 young (22528K), 3 survivors (3072K)
 Metaspace       used 31997K, capacity 33345K, committed 33456K, reserved 1077248K
  class space    used 4222K, capacity 4783K, committed 4864K, reserved 1048576K
}
Event: 11.923 GC heap after
{Heap after GC invocations=6 (full 0):
 garbage-first heap   total 65536K, used 23178K [0x00000000c1200000, 0x0000000100000000)
  region size 1024K, 3 young (3072K), 3 survivors (3072K)
 Metaspace       used 31997K, capacity 33345K, committed 33456K, reserved 1077248K
  class space    used 4222K, capacity 4783K, committed 4864K, reserved 1048576K
}
Event: 12.675 GC heap before
{Heap before GC invocations=6 (full 0):
 garbage-first heap   total 65536K, used 41610K [0x00000000c1200000, 0x0000000100000000)
  region size 1024K, 21 young (21504K), 3 survivors (3072K)
 Metaspace       used 33478K, capacity 34977K, committed 35248K, reserved 1079296K
  class space    used 4397K, capacity 5007K, committed 5120K, reserved 1048576K
}
Event: 12.689 GC heap after
{Heap after GC invocations=7 (full 0):
 garbage-first heap   total 65536K, used 29295K [0x00000000c1200000, 0x0000000100000000)
  region size 1024K, 3 young (3072K), 3 survivors (3072K)
 Metaspace       used 33478K, capacity 34977K, committed 35248K, reserved 1079296K
  class space    used 4397K, capacity 5007K, committed 5120K, reserved 1048576K
}
Event: 13.196 GC heap before
{Heap before GC invocations=7 (full 0):
 garbage-first heap   total 65536K, used 44655K [0x00000000c1200000, 0x0000000100000000)
  region size 1024K, 18 young (18432K), 3 survivors (3072K)
 Metaspace       used 34109K, capacity 35596K, committed 35760K, reserved 1079296K
  class space    used 4445K, capacity 5078K, committed 5120K, reserved 1048576K
}
Event: 13.212 GC heap after
{Heap after GC invocations=8 (full 0):
 garbage-first heap   total 65536K, used 34281K [0x00000000c1200000, 0x0000000100000000)
  region size 1024K, 3 young (3072K), 3 survivors (3072K)
 Metaspace       used 34109K, capacity 35596K, committed 35760K, reserved 1079296K
  class space    used 4445K, capacity 5078K, committed 5120K, reserved 1048576K
}
Event: 13.343 GC heap before
{Heap before GC invocations=8 (full 0):
 garbage-first heap   total 65536K, used 37353K [0x00000000c1200000, 0x0000000100000000)
  region size 1024K, 7 young (7168K), 3 survivors (3072K)
 Metaspace       used 34336K, capacity 35803K, committed 35920K, reserved 1081344K
  class space    used 4462K, capacity 5084K, committed 5120K, reserved 1048576K
}
Event: 13.353 GC heap after
{Heap after GC invocations=9 (full 0):
 garbage-first heap   total 65536K, used 35881K [0x00000000c1200000, 0x0000000100000000)
  region size 1024K, 2 young (2048K), 2 survivors (2048K)
 Metaspace       used 34336K, capacity 35803K, committed 35920K, reserved 1081344K
  class space    used 4462K, capacity 5084K, committed 5120K, reserved 1048576K
}
Event: 19.967 GC heap before
{Heap before GC invocations=10 (full 0):
 garbage-first heap   total 65536K, used 44073K [0x00000000c1200000, 0x0000000100000000)
  region size 1024K, 11 young (11264K), 2 survivors (2048K)
 Metaspace       used 34968K, capacity 36500K, committed 36816K, reserved 1081344K
  class space    used 4494K, capacity 5138K, committed 5248K, reserved 1048576K
}
Event: 19.976 GC heap after
{Heap after GC invocations=11 (full 0):
 garbage-first heap   total 65536K, used 38912K [0x00000000c1200000, 0x0000000100000000)
  region size 1024K, 2 young (2048K), 2 survivors (2048K)
 Metaspace       used 34968K, capacity 36500K, committed 36816K, reserved 1081344K
  class space    used 4494K, capacity 5138K, committed 5248K, reserved 1048576K
}

