# JRE version: Java(TM) SE Runtime Environment (11.0.4+10) (build 11.0.4+10-LTS)
# Java VM: Java HotSpot(TM) 64-Bit Server VM (11.0.4+10-LTS, mixed mode, tiered, compressed oops, g1 gc, windows-amd64)
Heap:
 garbage-first heap   total 65536K, used 46059K [0x00000000c1200000, 0x0000000100000000)
  region size 1024K, 15 young (15360K), 3 survivors (3072K)
 Metaspace       used 35785K, capacity 37381K, committed 37712K, reserved 1081344K
  class space    used 4528K, capacity 5178K, committed 5248K, reserved 1048576K
GC Heap History (10 events):
Event: 19.699 GC heap before
{Heap before GC invocations=4 (full 0):
 garbage-first heap   total 65536K, used 35914K [0x00000000c1200000, 0x0000000100000000)
  region size 1024K, 22 young (22528K), 1 survivors (1024K)
 Metaspace       used 26574K, capacity 27528K, committed 27644K, reserved 1073152K
  class space    used 3338K, capacity 3727K, committed 3840K, reserved 1048576K
}
Event: 19.705 GC heap after
{Heap after GC invocations=5 (full 0):
 garbage-first heap   total 65536K, used 18326K [0x00000000c1200000, 0x0000000100000000)
  region size 1024K, 3 young (3072K), 3 survivors (3072K)
 Metaspace       used 26574K, capacity 27528K, committed 27644K, reserved 1073152K
  class space    used 3338K, capacity 3727K, committed 3840K, reserved 1048576K
}
Event: 20.835 GC heap before
{Heap before GC invocations=5 (full 0):
 garbage-first heap   total 65536K, used 39830K [0x00000000c1200000, 0x0000000100000000)
  region size 1024K, 24 young (24576K), 3 survivors (3072K)
 Metaspace       used 31143K, capacity 32220K, committed 32380K, reserved 1077248K
  class space    used 3961K, capacity 4391K, committed 4480K, reserved 1048576K
}
Event: 20.844 GC heap after
{Heap after GC invocations=6 (full 0):
 garbage-first heap   total 65536K, used 21895K [0x00000000c1200000, 0x0000000100000000)
  region size 1024K, 3 young (3072K), 3 survivors (3072K)
 Metaspace       used 31143K, capacity 32220K, committed 32380K, reserved 1077248K
  class space    used 3961K, capacity 4391K, committed 4480K, reserved 1048576K
}
Event: 21.474 GC heap before
{Heap before GC invocations=6 (full 0):
 garbage-first heap   total 65536K, used 42375K [0x00000000c1200000, 0x0000000100000000)
  region size 1024K, 23 young (23552K), 3 survivors (3072K)
 Metaspace       used 33884K, capacity 35437K, committed 35580K, reserved 1079296K
  class space    used 4416K, capacity 5038K, committed 5120K, reserved 1048576K
}
Event: 21.485 GC heap after
{Heap after GC invocations=7 (full 0):
 garbage-first heap   total 65536K, used 25708K [0x00000000c1200000, 0x0000000100000000)
  region size 1024K, 3 young (3072K), 3 survivors (3072K)
 Metaspace       used 33884K, capacity 35437K, committed 35580K, reserved 1079296K
  class space    used 4416K, capacity 5038K, committed 5120K, reserved 1048576K
}
Event: 21.984 GC heap before
{Heap before GC invocations=7 (full 0):
 garbage-first heap   total 65536K, used 40044K [0x00000000c1200000, 0x0000000100000000)
  region size 1024K, 18 young (18432K), 3 survivors (3072K)
 Metaspace       used 34461K, capacity 35915K, committed 36048K, reserved 1081344K
  class space    used 4455K, capacity 5067K, committed 5120K, reserved 1048576K
}
Event: 21.998 GC heap after
{Heap after GC invocations=8 (full 0):
 garbage-first heap   total 65536K, used 30417K [0x00000000c1200000, 0x0000000100000000)
  region size 1024K, 3 young (3072K), 3 survivors (3072K)
 Metaspace       used 34461K, capacity 35915K, committed 36048K, reserved 1081344K
  class space    used 4455K, capacity 5067K, committed 5120K, reserved 1048576K
}
Event: 22.512 GC heap before
{Heap before GC invocations=9 (full 0):
 garbage-first heap   total 65536K, used 45777K [0x00000000c1200000, 0x0000000100000000)
  region size 1024K, 18 young (18432K), 3 survivors (3072K)
 Metaspace       used 34857K, capacity 36396K, committed 36560K, reserved 1081344K
  class space    used 4485K, capacity 5115K, committed 5120K, reserved 1048576K
}
Event: 22.529 GC heap after
{Heap after GC invocations=10 (full 0):
 garbage-first heap   total 65536K, used 35819K [0x00000000c1200000, 0x0000000100000000)
  region size 1024K, 3 young (3072K), 3 survivors (3072K)
 Metaspace       used 34857K, capacity 36396K, committed 36560K, reserved 1081344K
  class space    used 4485K, capacity 5115K, committed 5120K, reserved 1048576K
}

